<?xml version="1.0" encoding="UTF-8"?>
<!-- Generated by org.testng.reporters.JUnitXMLReporter -->
<testsuite ignored="0" hostname="Shalinis-MacBook-Air.local" failures="1" tests="13" name="Surefire test" time="25.469" errors="0" timestamp="2024-09-07T11:44:38 IST">
  <testcase classname="api.test.UserTests" name="testPostUser" time="2.631"/>
  <testcase classname="api.test.UserTests" name="testGetUserByName" time="1.906"/>
  <testcase classname="api.test.UserTests" name="testUpdateUserByName" time="3.579"/>
  <testcase classname="api.test.UserTests" name="testDeleteUserByName" time="1.822"/>
  <testcase classname="api.test.DDTests" name="testgetUserByName" time="0.0">
    <failure type="org.testng.TestNGException" message="
Cannot inject @Test annotated Method [testgetUserByName] with [class java.lang.String].
For more information on native dependency injection please refer to https://testng.org/#_dependency_injection">
      <![CDATA[org.testng.TestNGException: 
Cannot inject @Test annotated Method [testgetUserByName] with [class java.lang.String].
For more information on native dependency injection please refer to https://testng.org/#_dependency_injection
at java.base/java.util.ArrayList.forEach(ArrayList.java:1596)
... Removed 31 stack frames]]>
    </failure>
  </testcase> <!-- testgetUserByName -->
  <testcase classname="api.test.DDTests" name="testPostUser" time="2.189"/>
  <testcase classname="api.test.DDTests" name="testPostUser" time="1.732"/>
  <testcase classname="api.test.DDTests" name="testPostUser" time="1.846"/>
  <testcase classname="api.test.DDTests" name="testPostUser" time="2.968"/>
  <testcase classname="api.test.DDTests" name="testdeleteUserByName" time="1.711"/>
  <testcase classname="api.test.DDTests" name="testdeleteUserByName" time="1.411"/>
  <testcase classname="api.test.DDTests" name="testdeleteUserByName" time="1.451"/>
  <testcase classname="api.test.DDTests" name="testdeleteUserByName" time="1.449"/>
</testsuite> <!-- Surefire test -->
