<?xml version="1.0" encoding="UTF-8"?>
<!-- Generated by org.testng.reporters.JUnitXMLReporter -->
<testsuite ignored="0" hostname="Shalinis-MacBook-Air.local" failures="0" tests="4" name="Default test" time="10.693" errors="0" timestamp="2024-09-05T16:03:55 IST">
  <testcase classname="api.test.UserTests" name="testPostUser" time="3.398"/>
  <testcase classname="api.test.UserTests" name="testGetUserByName" time="1.684"/>
  <testcase classname="api.test.UserTests" name="testUpdateUserByName" time="3.699"/>
  <testcase classname="api.test.UserTests" name="testDeleteUserByName" time="1.803"/>
</testsuite> <!-- Default test -->
