<?xml version="1.0" encoding="UTF-8"?>
<!-- Generated by org.testng.reporters.JUnitXMLReporter -->
<testsuite ignored="0" hostname="Shalinis-MacBook-Air.local" failures="0" tests="4" name="Test" time="16.921" errors="0" timestamp="2024-09-07T11:18:25 IST">
  <testcase classname="api.test.UserTests2" name="testPostUser" time="4.855"/>
  <testcase classname="api.test.UserTests2" name="testGetUserByName" time="1.799"/>
  <testcase classname="api.test.UserTests2" name="testUpdateUserByName" time="5.296"/>
  <testcase classname="api.test.UserTests2" name="testDeleteUserByName" time="4.546"/>
</testsuite> <!-- Test -->
