<?xml version="1.0" encoding="UTF-8"?>
<testng-results ignored="0" total="4" passed="4" failed="0" skipped="0">
  <reporter-output>
  </reporter-output>
  <suite started-at="2024-09-07T14:31:33 IST" name="Suite" finished-at="2024-09-07T14:31:45 IST" duration-ms="12605">
    <groups>
    </groups>
    <test started-at="2024-09-07T14:31:33 IST" name="Test" finished-at="2024-09-07T14:31:45 IST" duration-ms="12605">
      <class name="api.test.UserTests">
        <test-method is-config="true" signature="setup()[pri:0, instance:api.test.UserTests@6973b51b]" started-at="2024-09-07T14:31:33 IST" name="setup" finished-at="2024-09-07T14:31:33 IST" duration-ms="258" status="PASS">
          <reporter-output>
          </reporter-output>
        </test-method> <!-- setup -->
        <test-method signature="testPostUser()[pri:1, instance:api.test.UserTests@6973b51b]" started-at="2024-09-07T14:31:33 IST" name="testPostUser" finished-at="2024-09-07T14:31:36 IST" duration-ms="3094" status="PASS">
          <reporter-output>
          </reporter-output>
        </test-method> <!-- testPostUser -->
        <test-method signature="testGetUserByName()[pri:2, instance:api.test.UserTests@6973b51b]" started-at="2024-09-07T14:31:36 IST" name="testGetUserByName" finished-at="2024-09-07T14:31:39 IST" duration-ms="2598" status="PASS">
          <reporter-output>
          </reporter-output>
        </test-method> <!-- testGetUserByName -->
        <test-method signature="testUpdateUserByName()[pri:3, instance:api.test.UserTests@6973b51b]" started-at="2024-09-07T14:31:39 IST" name="testUpdateUserByName" finished-at="2024-09-07T14:31:43 IST" duration-ms="4243" status="PASS">
          <reporter-output>
          </reporter-output>
        </test-method> <!-- testUpdateUserByName -->
        <test-method signature="testDeleteUserByName()[pri:4, instance:api.test.UserTests@6973b51b]" started-at="2024-09-07T14:31:43 IST" name="testDeleteUserByName" finished-at="2024-09-07T14:31:45 IST" duration-ms="2299" status="PASS">
          <reporter-output>
          </reporter-output>
        </test-method> <!-- testDeleteUserByName -->
      </class> <!-- api.test.UserTests -->
    </test> <!-- Test -->
  </suite> <!-- Suite -->
</testng-results>
